<?xml version="1.0" encoding="UTF-8"?>
<!-- Generated by org.testng.reporters.JUnitReportReporter -->
<testsuite hostname="LAPTOP-NOLCUMJT" failures="0" tests="1" name="qaclickacademy.AppiumTest" time="0.024" errors="0" timestamp="2020-07-01T17:02:21 EDT" skipped="0">
  <testcase classname="qaclickacademy.AppiumTest" name="IOSAPP" time="0.024"/>
  <system-out/>
</testsuite> <!-- qaclickacademy.AppiumTest -->
